
=== Tue Feb 25 16:45:00 2025

Packages were changed.
Update Mode: updateDependencies

The following packages were added:
  com.unity.modules.accessibility@1.0.0
  com.unity.multiplayer.center@1.0.0
The following packages were updated:
  com.unity.ai.navigation from version 1.1.5 to 2.0.5
  com.unity.animation.rigging from version 1.2.1 to 1.3.0
  com.unity.burst from version 1.8.13 to 1.8.19
  com.unity.collab-proxy from version 2.3.1 to 2.6.0
  com.unity.formats.fbx from version 4.2.1 to 5.1.1
  com.unity.ide.rider from version 3.0.28 to 3.0.31
  com.unity.probuilder from version 5.2.2 to 6.0.4
  com.unity.purchasing from version 4.9.3 to 4.12.2
  com.unity.recorder from version 4.0.2 to 5.1.2
  com.unity.test-framework from version 1.1.33 to 1.4.5
  com.unity.timeline from version 1.7.6 to 1.8.7
  com.unity.transport from version 1.4.1 to 2.4.0
  com.unity.ugui from version 1.0.0 to 2.0.0
  com.unity.xr.openxr from version 1.10.0 to 1.14.0
The following packages were removed:
  com.unity.textmeshpro@3.0.9

=== Sat May  3 11:38:05 2025

Packages were changed.
Update Mode: updateDependencies

The following packages were updated:
  com.unity.ai.navigation from version 2.0.6 to 2.0.7
  com.unity.burst from version 1.8.19 to 1.8.21
  com.unity.collab-proxy from version 2.6.0 to 2.7.1
  com.unity.ide.rider from version 3.0.34 to 3.0.36
  com.unity.ide.visualstudio from version 2.0.22 to 2.0.23
  com.unity.probuilder from version 6.0.4 to 6.0.5
  com.unity.test-framework from version 1.4.6 to 1.5.1
  com.unity.transport from version 2.4.0 to 2.5.1
  com.unity.xr.management from version 4.5.0 to 4.5.1
  com.unity.xr.openxr from version 1.14.1 to 1.14.3
